This is pdfTeX, Version 3.14159265-2.6-1.40.21 (TeX Live 2020/Arch Linux) (preloaded format=pdflatex 2021.3.4)  26 MAR 2021 11:20
entering extended mode
 restricted \write18 enabled.
 %&-line parsing enabled.
**ps10q.te
(/usr/share/texmf-dist/tex/latex/tools/q.tex
LaTeX2e <2020-10-01> patch level 2
L3 programming layer <2020-12-03> xparse <2020-03-03> File ignored
)
! Emergency stop.
<*> ps10q.te
            
*** (job aborted, no legal \end found)

 
Here is how much of TeX's memory you used:
 20 strings out of 479383
 493 string characters out of 5875831
 267160 words of memory out of 5000000
 17229 multiletter control sequences out of 15000+600000
 403430 words of font info for 27 fonts, out of 8000000 for 9000
 1141 hyphenation exceptions out of 8191
 13i,0n,15p,88b,10s stack positions out of 5000i,500n,10000p,200000b,80000s
!  ==> Fatal error occurred, no output PDF file produced!
